I210105 16:14:36.537376 1 util/log/sync_buffer.go:70  [config] file created at: 2021/01/05 16:14:36
I210105 16:14:36.537376 1 util/log/sync_buffer.go:70  [config] running on machine: pop-os
I210105 16:14:36.537376 1 util/log/sync_buffer.go:70  [config] binary: CockroachDB CCL v20.1.6 (x86_64-unknown-linux-gnu, built 2020/09/24 18:16:45, go1.13.9)
I210105 16:14:36.537376 1 util/log/sync_buffer.go:70  [config] arguments: [/home/romainfairant/bin/cockroach start --certs-dir=/home/romainfairant/gandalf/database/certs --store=node1 --listen-addr=localhost:26270 --http-addr=localhost:8080 --join=localhost:26270]
I210105 16:14:36.537376 1 util/log/sync_buffer.go:70  line format: [IWEF]yymmdd hh:mm:ss.uuuuuu goid file:line msg utf8=✓
I210105 16:14:36.537376 1 cli/start.go:1223  logging to directory /home/romainfairant/go/src/gandalf/core/cluster/database/node1/logs
I210105 16:14:36.537785 1 server/status/recorder.go:597  available memory from cgroups is unsupported, using system memory 7.5 GiB instead: can't read available memory from cgroup v2 at /sys/fs/cgroup/unified/user.slice/user-1000.slice/user@1000.service/memory.max: open /sys/fs/cgroup/unified/user.slice/user-1000.slice/user@1000.service/memory.max: no such file or directory
W210105 16:14:36.537794 1 cli/start.go:1144  Using the default setting for --cache (128 MiB).
  A significantly larger value is usually needed for good performance.
  If you have a dedicated server a reasonable setting is --cache=.25 (1.9 GiB).
I210105 16:14:36.537934 1 server/status/recorder.go:597  available memory from cgroups is unsupported, using system memory 7.5 GiB instead: can't read available memory from cgroup v2 at /sys/fs/cgroup/unified/user.slice/user-1000.slice/user@1000.service/memory.max: open /sys/fs/cgroup/unified/user.slice/user-1000.slice/user@1000.service/memory.max: no such file or directory
I210105 16:14:36.537941 1 cli/start.go:1286  CockroachDB CCL v20.1.6 (x86_64-unknown-linux-gnu, built 2020/09/24 18:16:45, go1.13.9)
I210105 16:14:36.538388 1 server/status/recorder.go:597  available memory from cgroups is unsupported, using system memory 7.5 GiB instead: can't read available memory from cgroup v2 at /sys/fs/cgroup/unified/user.slice/user-1000.slice/user@1000.service/memory.max: open /sys/fs/cgroup/unified/user.slice/user-1000.slice/user@1000.service/memory.max: no such file or directory
I210105 16:14:36.538410 1 server/config.go:404  system total memory: 7.5 GiB
I210105 16:14:36.538433 1 server/config.go:406  server configuration:
max offset             500000000
cache size             128 MiB
SQL memory pool size   1.9 GiB
scan interval          10m0s
scan min idle time     10ms
scan max idle time     1s
event log enabled      true
I210105 16:14:36.538444 1 cli/start.go:1122  using local environment variables: COCKROACH_BACKGROUND_RESTART=1
I210105 16:14:36.538451 1 cli/start.go:1129  process identity: uid 1000 euid 1000 gid 1000 egid 1000
I210105 16:14:36.538474 1 cli/start.go:697  starting cockroach node
E210105 16:14:36.541434 1 cli/error.go:373  ERROR: cannot load certificates.
Check your certificate settings, set --certs-dir, or use --insecure for insecure clusters.

failed to start server: problem with CA certificate: not found
